#
# There is insufficient memory for the Java Runtime Environment to continue.
# Native memory allocation (malloc) failed to allocate 566976 bytes for Chunk::new
# Possible reasons:
#   The system is out of physical RAM or swap space
#   The process is running with CompressedOops enabled, and the Java Heap may be blocking the growth of the native heap
# Possible solutions:
#   Reduce memory load on the system
#   Increase physical memory or swap space
#   Check if swap backing store is full
#   Decrease Java heap size (-Xmx/-Xms)
#   Decrease number of Java threads
#   Decrease Java thread stack sizes (-Xss)
#   Set larger code cache with -XX:ReservedCodeCacheSize=
#   JVM is running with Unscaled Compressed Oops mode in which the Java heap is
#     placed in the first 4GB address space. The Java Heap base address is the
#     maximum limit for the native heap growth. Please use -XX:HeapBaseMinAddress
#     to set the Java Heap base and to place the Java Heap above 4GB virtual address.
# This output file may be truncated or incomplete.
#
#  Out of Memory Error (arena.cpp:189), pid=17608, tid=22552
#
# JRE version: OpenJDK Runtime Environment Temurin-17.0.6+10 (17.0.6+10) (build 17.0.6+10)
# Java VM: OpenJDK 64-Bit Server VM Temurin-17.0.6+10 (17.0.6+10, mixed mode, tiered, compressed oops, compressed class ptrs, g1 gc, windows-amd64)
# No core dump will be written. Minidumps are not enabled by default on client versions of Windows
#

---------------  S U M M A R Y ------------

Command Line: -ea -Dfile.encoding=UTF-8 -XX:+ShowCodeDetailsInExceptionMessages org.testng.remote.RemoteTestNG -serport 50919 -protocol json -d C:\Users\shant\eclipse-workspace\SeleniumAutomationFramework\test-output C:\Users\shant\eclipse-workspace\SeleniumAutomationFramework\testng.xml

Host: Intel(R) Core(TM) i3-1005G1 CPU @ 1.20GHz, 4 cores, 3G,  Windows 11 , 64 bit Build 22621 (10.0.22621.2428)
Time: Sun Oct 29 23:49:25 2023 Central Daylight Time elapsed time: 43.169531 seconds (0d 0h 0m 43s)

---------------  T H R E A D  ---------------

Current thread (0x00000269d489d8f0):  JavaThread "C2 CompilerThread0" daemon [_thread_in_native, id=22552, stack(0x000000dfbbe00000,0x000000dfbbf00000)]


Current CompileTask:
C2:  43170 2719   !   4       jdk.internal.loader.BuiltinClassLoader::loadClassOrNull (143 bytes)

Stack: [0x000000dfbbe00000,0x000000dfbbf00000]
Native frames: (J=compiled Java code, j=interpreted, Vv=VM code, C=native code)
V  [jvm.dll+0x67741a]
V  [jvm.dll+0x834434]
V  [jvm.dll+0x835bde]
V  [jvm.dll+0x836243]
V  [jvm.dll+0x2457b5]
V  [jvm.dll+0xabafc]
V  [jvm.dll+0xac0cc]
V  [jvm.dll+0x2ac94f]
V  [jvm.dll+0x57de47]
V  [jvm.dll+0x220812]
V  [jvm.dll+0x219caf]
V  [jvm.dll+0x21790b]
V  [jvm.dll+0x1a3d0d]
V  [jvm.dll+0x22742a]
V  [jvm.dll+0x225565]
V  [jvm.dll+0x7ea2cb]
V  [jvm.dll+0x7e483a]
V  [jvm.dll+0x6762c5]
C  [ucrtbase.dll+0x29363]
C  [KERNEL32.DLL+0x1257d]
C  [ntdll.dll+0x5aa78]


---------------  P R O C E S S  ---------------

Threads class SMR info:
_java_thread_list=0x00000269d6e57700, length=23, elements={
0x00000269bd8c91b0, 0x00000269d48516b0, 0x00000269d4852260, 0x00000269d4894290,
0x00000269d489bb80, 0x00000269d489c440, 0x00000269d489cd00, 0x00000269d489d8f0,
0x00000269d543a430, 0x00000269d5440510, 0x00000269d5542f00, 0x00000269d5561010,
0x00000269d5b36fa0, 0x00000269d6164a10, 0x00000269d6166440, 0x00000269d6166910,
0x00000269d693a740, 0x00000269d693c420, 0x00000269d693a270, 0x00000269d693ac10,
0x00000269d693bf50, 0x00000269d693ba80, 0x00000269d693cdc0
}

Java Threads: ( => current thread )
  0x00000269bd8c91b0 JavaThread "Forwarding newSession on session null to remote" [_thread_in_Java, id=6540, stack(0x000000dfbb100000,0x000000dfbb200000)]
  0x00000269d48516b0 JavaThread "Reference Handler" daemon [_thread_blocked, id=16912, stack(0x000000dfbb800000,0x000000dfbb900000)]
  0x00000269d4852260 JavaThread "Finalizer" daemon [_thread_blocked, id=852, stack(0x000000dfbb900000,0x000000dfbba00000)]
  0x00000269d4894290 JavaThread "Signal Dispatcher" daemon [_thread_blocked, id=12516, stack(0x000000dfbba00000,0x000000dfbbb00000)]
  0x00000269d489bb80 JavaThread "Attach Listener" daemon [_thread_blocked, id=12440, stack(0x000000dfbbb00000,0x000000dfbbc00000)]
  0x00000269d489c440 JavaThread "Service Thread" daemon [_thread_blocked, id=23428, stack(0x000000dfbbc00000,0x000000dfbbd00000)]
  0x00000269d489cd00 JavaThread "Monitor Deflation Thread" daemon [_thread_blocked, id=16172, stack(0x000000dfbbd00000,0x000000dfbbe00000)]
=>0x00000269d489d8f0 JavaThread "C2 CompilerThread0" daemon [_thread_in_native, id=22552, stack(0x000000dfbbe00000,0x000000dfbbf00000)]
  0x00000269d543a430 JavaThread "C1 CompilerThread0" daemon [_thread_blocked, id=2880, stack(0x000000dfbbf00000,0x000000dfbc000000)]
  0x00000269d5440510 JavaThread "Sweeper thread" daemon [_thread_blocked, id=828, stack(0x000000dfbc000000,0x000000dfbc100000)]
  0x00000269d5542f00 JavaThread "Notification Thread" daemon [_thread_blocked, id=20108, stack(0x000000dfbc100000,0x000000dfbc200000)]
  0x00000269d5561010 JavaThread "Common-Cleaner" daemon [_thread_blocked, id=2684, stack(0x000000dfbc300000,0x000000dfbc400000)]
  0x00000269d5b36fa0 JavaThread "ReaderThread" [_thread_in_native, id=7260, stack(0x000000dfbc500000,0x000000dfbc600000)]
  0x00000269d6164a10 JavaThread "ForkJoinPool.commonPool-worker-1" daemon [_thread_blocked, id=14168, stack(0x000000dfbc900000,0x000000dfbca00000)]
  0x00000269d6166440 JavaThread "ForkJoinPool.commonPool-worker-2" daemon [_thread_blocked, id=9596, stack(0x000000dfbca00000,0x000000dfbcb00000)]
  0x00000269d6166910 JavaThread "ForkJoinPool.commonPool-worker-3" daemon [_thread_blocked, id=23140, stack(0x000000dfbcb00000,0x000000dfbcc00000)]
  0x00000269d693a740 JavaThread "AsyncHttpClient-1-1" daemon [_thread_blocked, id=20420, stack(0x000000dfbcc00000,0x000000dfbcd00000)]
  0x00000269d693c420 JavaThread "Exec Default Executor" daemon [_thread_in_native, id=11948, stack(0x000000dfbcd00000,0x000000dfbce00000)]
  0x00000269d693a270 JavaThread "Exec Stream Pumper" daemon [_thread_in_native, id=14828, stack(0x000000dfbce00000,0x000000dfbcf00000)]
  0x00000269d693ac10 JavaThread "Exec Stream Pumper" daemon [_thread_in_native, id=22192, stack(0x000000dfbcf00000,0x000000dfbd000000)]
  0x00000269d693bf50 JavaThread "Driver Service Executor" daemon [_thread_blocked, id=22812, stack(0x000000dfbd000000,0x000000dfbd100000)]
  0x00000269d693ba80 JavaThread "Driver Service Executor" daemon [_thread_blocked, id=23260, stack(0x000000dfbd100000,0x000000dfbd200000)]
  0x00000269d693cdc0 JavaThread "AsyncHttpClient-1-2" daemon [_thread_in_native, id=7912, stack(0x000000dfbd200000,0x000000dfbd300000)]

Other Threads:
  0x00000269d4849020 VMThread "VM Thread" [stack: 0x000000dfbb700000,0x000000dfbb800000] [id=14100]
  0x00000269d55477e0 WatcherThread [stack: 0x000000dfbc200000,0x000000dfbc300000] [id=23332]
  0x00000269bd906690 GCTaskThread "GC Thread#0" [stack: 0x000000dfbb200000,0x000000dfbb300000] [id=4764]
  0x00000269d5fec7a0 GCTaskThread "GC Thread#1" [stack: 0x000000dfbc600000,0x000000dfbc700000] [id=7788]
  0x00000269d5feca50 GCTaskThread "GC Thread#2" [stack: 0x000000dfbc700000,0x000000dfbc800000] [id=14976]
  0x00000269d5fecd00 GCTaskThread "GC Thread#3" [stack: 0x000000dfbc800000,0x000000dfbc900000] [id=19288]
  0x00000269bd90ff20 ConcurrentGCThread "G1 Main Marker" [stack: 0x000000dfbb300000,0x000000dfbb400000] [id=19600]
  0x00000269bd9110d0 ConcurrentGCThread "G1 Conc#0" [stack: 0x000000dfbb400000,0x000000dfbb500000] [id=10324]
  0x00000269bd957b80 ConcurrentGCThread "G1 Refine#0" [stack: 0x000000dfbb500000,0x000000dfbb600000] [id=19444]
  0x00000269bd958d40 ConcurrentGCThread "G1 Service" [stack: 0x000000dfbb600000,0x000000dfbb700000] [id=23316]

Threads with active compile tasks:
C2 CompilerThread0    43252 2719   !   4       jdk.internal.loader.BuiltinClassLoader::loadClassOrNull (143 bytes)

VM state: not at safepoint (normal execution)

VM Mutex/Monitor currently owned by a thread: None

Heap address: 0x00000000c3600000, size: 970 MB, Compressed Oops mode: 32-bit

CDS archive(s) not mapped
Compressed class space mapped at: 0x0000000100000000-0x0000000140000000, reserved size: 1073741824
Narrow klass base: 0x0000000000000000, Narrow klass shift: 3, Narrow klass range: 0x140000000

GC Precious Log:
 CPUs: 4 total, 4 available
 Memory: 3873M
 Large Page Support: Disabled
 NUMA Support: Disabled
 Compressed Oops: Enabled (32-bit)
 Heap Region Size: 1M
 Heap Min Capacity: 8M
 Heap Initial Capacity: 62M
 Heap Max Capacity: 970M
 Pre-touch: Disabled
 Parallel Workers: 4
 Concurrent Workers: 1
 Concurrent Refinement Workers: 4
 Periodic GC: Disabled

Heap:
 garbage-first heap   total 37888K, used 20702K [0x00000000c3600000, 0x0000000100000000)
  region size 1024K, 3 young (3072K), 1 survivors (1024K)
 Metaspace       used 34779K, committed 35072K, reserved 1081344K
  class space    used 4021K, committed 4160K, reserved 1048576K

Heap Regions: E=young(eden), S=young(survivor), O=old, HS=humongous(starts), HC=humongous(continues), CS=collection set, F=free, OA=open archive, CA=closed archive, TAMS=top-at-mark-start (previous, next)
|   0|0x00000000c3600000, 0x00000000c3700000, 0x00000000c3700000|100%| O|  |TAMS 0x00000000c3700000, 0x00000000c3700000| Untracked 
|   1|0x00000000c3700000, 0x00000000c3800000, 0x00000000c3800000|100%| O|  |TAMS 0x00000000c3800000, 0x00000000c3800000| Untracked 
|   2|0x00000000c3800000, 0x00000000c3900000, 0x00000000c3900000|100%| O|  |TAMS 0x00000000c3900000, 0x00000000c3900000| Untracked 
|   3|0x00000000c3900000, 0x00000000c3a00000, 0x00000000c3a00000|100%| O|  |TAMS 0x00000000c3a00000, 0x00000000c3a00000| Untracked 
|   4|0x00000000c3a00000, 0x00000000c3b00000, 0x00000000c3b00000|100%| O|  |TAMS 0x00000000c3b00000, 0x00000000c3b00000| Untracked 
|   5|0x00000000c3b00000, 0x00000000c3c00000, 0x00000000c3c00000|100%| O|  |TAMS 0x00000000c3c00000, 0x00000000c3c00000| Untracked 
|   6|0x00000000c3c00000, 0x00000000c3ca2000, 0x00000000c3d00000| 63%| O|  |TAMS 0x00000000c3ca2000, 0x00000000c3ca2000| Untracked 
|   7|0x00000000c3d00000, 0x00000000c3e00000, 0x00000000c3e00000|100%| O|  |TAMS 0x00000000c3d00000, 0x00000000c3e00000| Untracked 
|   8|0x00000000c3e00000, 0x00000000c3f00000, 0x00000000c3f00000|100%| O|  |TAMS 0x00000000c3e00000, 0x00000000c3f00000| Untracked 
|   9|0x00000000c3f00000, 0x00000000c4000000, 0x00000000c4000000|100%| O|  |TAMS 0x00000000c3f00000, 0x00000000c4000000| Untracked 
|  10|0x00000000c4000000, 0x00000000c4100000, 0x00000000c4100000|100%| O|  |TAMS 0x00000000c4000000, 0x00000000c4100000| Untracked 
|  11|0x00000000c4100000, 0x00000000c4200000, 0x00000000c4200000|100%| O|  |TAMS 0x00000000c4100000, 0x00000000c4200000| Untracked 
|  12|0x00000000c4200000, 0x00000000c42e6400, 0x00000000c4300000| 89%| O|  |TAMS 0x00000000c4200000, 0x00000000c4200000| Untracked 
|  13|0x00000000c4300000, 0x00000000c4300000, 0x00000000c4400000|  0%| F|  |TAMS 0x00000000c4300000, 0x00000000c4300000| Untracked 
|  14|0x00000000c4400000, 0x00000000c4400000, 0x00000000c4500000|  0%| F|  |TAMS 0x00000000c4400000, 0x00000000c4400000| Untracked 
|  15|0x00000000c4500000, 0x00000000c4600000, 0x00000000c4600000|100%| O|  |TAMS 0x00000000c4500000, 0x00000000c456e200| Untracked 
|  16|0x00000000c4600000, 0x00000000c4700000, 0x00000000c4700000|100%|HS|  |TAMS 0x00000000c4600000, 0x00000000c4600000| Complete 
|  17|0x00000000c4700000, 0x00000000c4800000, 0x00000000c4800000|100%|HC|  |TAMS 0x00000000c4700000, 0x00000000c4700000| Complete 
|  18|0x00000000c4800000, 0x00000000c4900000, 0x00000000c4900000|100%|HC|  |TAMS 0x00000000c4800000, 0x00000000c4800000| Complete 
|  19|0x00000000c4900000, 0x00000000c4a00000, 0x00000000c4a00000|100%|HC|  |TAMS 0x00000000c4900000, 0x00000000c4900000| Complete 
|  20|0x00000000c4a00000, 0x00000000c4b00000, 0x00000000c4b00000|100%|HC|  |TAMS 0x00000000c4a00000, 0x00000000c4a00000| Complete 
|  21|0x00000000c4b00000, 0x00000000c4b00000, 0x00000000c4c00000|  0%| F|  |TAMS 0x00000000c4b00000, 0x00000000c4b00000| Untracked 
|  22|0x00000000c4c00000, 0x00000000c4c00000, 0x00000000c4d00000|  0%| F|  |TAMS 0x00000000c4c00000, 0x00000000c4c00000| Untracked 
|  23|0x00000000c4d00000, 0x00000000c4d00000, 0x00000000c4e00000|  0%| F|  |TAMS 0x00000000c4d00000, 0x00000000c4d00000| Untracked 
|  24|0x00000000c4e00000, 0x00000000c4e00000, 0x00000000c4f00000|  0%| F|  |TAMS 0x00000000c4e00000, 0x00000000c4e00000| Untracked 
|  25|0x00000000c4f00000, 0x00000000c4f00000, 0x00000000c5000000|  0%| F|  |TAMS 0x00000000c4f00000, 0x00000000c4f00000| Untracked 
|  26|0x00000000c5000000, 0x00000000c50af4e8, 0x00000000c5100000| 68%| S|CS|TAMS 0x00000000c5000000, 0x00000000c5000000| Complete 
|  27|0x00000000c5100000, 0x00000000c5100000, 0x00000000c5200000|  0%| F|  |TAMS 0x00000000c5100000, 0x00000000c5100000| Untracked 
|  28|0x00000000c5200000, 0x00000000c5200000, 0x00000000c5300000|  0%| F|  |TAMS 0x00000000c5200000, 0x00000000c5200000| Untracked 
|  29|0x00000000c5300000, 0x00000000c5300000, 0x00000000c5400000|  0%| F|  |TAMS 0x00000000c5300000, 0x00000000c5300000| Untracked 
|  30|0x00000000c5400000, 0x00000000c5400000, 0x00000000c5500000|  0%| F|  |TAMS 0x00000000c5400000, 0x00000000c5400000| Untracked 
|  31|0x00000000c5500000, 0x00000000c5500000, 0x00000000c5600000|  0%| F|  |TAMS 0x00000000c5500000, 0x00000000c5500000| Untracked 
|  32|0x00000000c5600000, 0x00000000c5600000, 0x00000000c5700000|  0%| F|  |TAMS 0x00000000c5600000, 0x00000000c5600000| Untracked 
|  48|0x00000000c6600000, 0x00000000c6600000, 0x00000000c6700000|  0%| F|  |TAMS 0x00000000c6600000, 0x00000000c6600000| Untracked 
|  49|0x00000000c6700000, 0x00000000c6700000, 0x00000000c6800000|  0%| F|  |TAMS 0x00000000c6700000, 0x00000000c6700000| Untracked 
|  50|0x00000000c6800000, 0x00000000c68a5ea8, 0x00000000c6900000| 64%| E|  |TAMS 0x00000000c6800000, 0x00000000c6800000| Complete 
|  61|0x00000000c7300000, 0x00000000c7400000, 0x00000000c7400000|100%| E|CS|TAMS 0x00000000c7300000, 0x00000000c7300000| Complete 

Card table byte_map: [0x00000269d0160000,0x00000269d0350000] _byte_map_base: 0x00000269cfb45000

Marking Bits (Prev, Next): (CMBitMap*) 0x00000269bd907cf0, (CMBitMap*) 0x00000269bd907cb0
 Prev Bits: [0x00000269d1470000, 0x00000269d2398000)
 Next Bits: [0x00000269d0540000, 0x00000269d1468000)

Polling page: 0x00000269bb810000

Metaspace:

Usage:
  Non-class:     30.04 MB used.
      Class:      3.93 MB used.
       Both:     33.97 MB used.

Virtual space:
  Non-class space:       32.00 MB reserved,      30.19 MB ( 94%) committed,  4 nodes.
      Class space:        1.00 GB reserved,       4.06 MB ( <1%) committed,  1 nodes.
             Both:        1.03 GB reserved,      34.25 MB (  3%) committed. 

Chunk freelists:
   Non-Class:  1.69 MB
       Class:  3.75 MB
        Both:  5.44 MB

MaxMetaspaceSize: unlimited
CompressedClassSpaceSize: 1.00 GB
Initial GC threshold: 21.00 MB
Current GC threshold: 35.25 MB
CDS: off
MetaspaceReclaimPolicy: balanced
 - commit_granule_bytes: 65536.
 - commit_granule_words: 8192.
 - virtual_space_node_default_size: 1048576.
 - enlarge_chunks_in_place: 1.
 - new_chunks_are_fully_committed: 0.
 - uncommit_free_chunks: 1.
 - use_allocation_guard: 0.
 - handle_deallocations: 1.


Internal statistics:

num_allocs_failed_limit: 3.
num_arena_births: 372.
num_arena_deaths: 0.
num_vsnodes_births: 5.
num_vsnodes_deaths: 0.
num_space_committed: 548.
num_space_uncommitted: 0.
num_chunks_returned_to_freelist: 3.
num_chunks_taken_from_freelist: 1109.
num_chunk_merges: 3.
num_chunk_splits: 722.
num_chunks_enlarged: 527.
num_purges: 0.
num_inconsistent_stats: 0.

CodeHeap 'non-profiled nmethods': size=120000Kb used=1174Kb max_used=1174Kb free=118825Kb
 bounds [0x00000269c8a40000, 0x00000269c8cb0000, 0x00000269cff70000]
CodeHeap 'profiled nmethods': size=120000Kb used=5191Kb max_used=5191Kb free=114808Kb
 bounds [0x00000269c0f70000, 0x00000269c1490000, 0x00000269c84a0000]
CodeHeap 'non-nmethods': size=5760Kb used=1317Kb max_used=1339Kb free=4442Kb
 bounds [0x00000269c84a0000, 0x00000269c8710000, 0x00000269c8a40000]
 total_blobs=3346 nmethods=2718 adapters=540
 compilation: enabled
              stopped_count=0, restarted_count=0
 full_count=0

Compilation events (20 events):
Event: 36.198 Thread 0x00000269d543a430 nmethod 2711 0x00000269c8b64f90 code [0x00000269c8b65120, 0x00000269c8b651d8]
Event: 36.710 Thread 0x00000269d543a430 2712   !   3       io.netty.util.HashedWheelTimer$Worker::waitForNextTick (120 bytes)
Event: 37.378 Thread 0x00000269d543a430 nmethod 2712 0x00000269c147c790 code [0x00000269c147c9a0, 0x00000269c147d0b8]
Event: 37.393 Thread 0x00000269d543a430 2714       3       io.netty.util.HashedWheelTimer$Worker::transferTimeoutsToBuckets (124 bytes)
Event: 37.556 Thread 0x00000269d543a430 nmethod 2714 0x00000269c147d390 code [0x00000269c147d580, 0x00000269c147dbf8]
Event: 37.556 Thread 0x00000269d543a430 2713   !   3       io.netty.util.HashedWheelTimer$Worker::processCancelledTasks (57 bytes)
Event: 37.781 Thread 0x00000269d543a430 nmethod 2713 0x00000269c147df10 code [0x00000269c147e120, 0x00000269c147e7e8]
Event: 42.698 Thread 0x00000269d543a430 2715       3       io.netty.util.internal.MathUtil::isOutOfBounds (24 bytes)
Event: 42.698 Thread 0x00000269d543a430 nmethod 2715 0x00000269c147eb10 code [0x00000269c147eca0, 0x00000269c147edf8]
Event: 42.757 Thread 0x00000269d543a430 2716       3       io.netty.util.AsciiString::<init> (131 bytes)
Event: 42.763 Thread 0x00000269d543a430 nmethod 2716 0x00000269c147ee90 code [0x00000269c147f1a0, 0x00000269c14801f8]
Event: 42.800 Thread 0x00000269d543a430 2717       3       org.apache.logging.log4j.util.Strings::isEmpty (19 bytes)
Event: 42.800 Thread 0x00000269d543a430 nmethod 2717 0x00000269c1480810 code [0x00000269c14809c0, 0x00000269c1480c08]
Event: 42.906 Thread 0x00000269d489d8f0 2718       4       java.lang.ClassLoader::getClassLoadingLock (35 bytes)
Event: 42.965 Thread 0x00000269d489d8f0 nmethod 2718 0x00000269c8b65290 code [0x00000269c8b65420, 0x00000269c8b65568]
Event: 42.965 Thread 0x00000269d489d8f0 2719   !   4       jdk.internal.loader.BuiltinClassLoader::loadClassOrNull (143 bytes)
Event: 43.023 Thread 0x00000269d543a430 2721       1       io.netty.channel.DefaultChannelPipeline::channel (5 bytes)
Event: 43.023 Thread 0x00000269d543a430 nmethod 2721 0x00000269c8b65690 code [0x00000269c8b65820, 0x00000269c8b658f8]
Event: 43.132 Thread 0x00000269d543a430 2722       3       org.openqa.selenium.internal.Require::nonNull (27 bytes)
Event: 43.137 Thread 0x00000269d543a430 nmethod 2722 0x00000269c1480d10 code [0x00000269c1480f80, 0x00000269c1481a78]

GC Heap History (14 events):
Event: 2.808 GC heap before
{Heap before GC invocations=0 (full 0):
 garbage-first heap   total 63488K, used 12288K [0x00000000c3600000, 0x0000000100000000)
  region size 1024K, 13 young (13312K), 0 survivors (0K)
 Metaspace       used 10741K, committed 10944K, reserved 1064960K
  class space    used 1001K, committed 1088K, reserved 1048576K
}
Event: 2.820 GC heap after
{Heap after GC invocations=1 (full 0):
 garbage-first heap   total 63488K, used 6168K [0x00000000c3600000, 0x0000000100000000)
  region size 1024K, 2 young (2048K), 2 survivors (2048K)
 Metaspace       used 10741K, committed 10944K, reserved 1064960K
  class space    used 1001K, committed 1088K, reserved 1048576K
}
Event: 4.827 GC heap before
{Heap before GC invocations=1 (full 0):
 garbage-first heap   total 63488K, used 16408K [0x00000000c3600000, 0x0000000100000000)
  region size 1024K, 12 young (12288K), 2 survivors (2048K)
 Metaspace       used 14029K, committed 14208K, reserved 1064960K
  class space    used 1380K, committed 1472K, reserved 1048576K
}
Event: 4.830 GC heap after
{Heap after GC invocations=2 (full 0):
 garbage-first heap   total 63488K, used 7550K [0x00000000c3600000, 0x0000000100000000)
  region size 1024K, 1 young (1024K), 1 survivors (1024K)
 Metaspace       used 14029K, committed 14208K, reserved 1064960K
  class space    used 1380K, committed 1472K, reserved 1048576K
}
Event: 10.004 GC heap before
{Heap before GC invocations=2 (full 0):
 garbage-first heap   total 63488K, used 28030K [0x00000000c3600000, 0x0000000100000000)
  region size 1024K, 21 young (21504K), 1 survivors (1024K)
 Metaspace       used 18929K, committed 19200K, reserved 1073152K
  class space    used 2041K, committed 2176K, reserved 1048576K
}
Event: 10.009 GC heap after
{Heap after GC invocations=3 (full 0):
 garbage-first heap   total 63488K, used 8559K [0x00000000c3600000, 0x0000000100000000)
  region size 1024K, 2 young (2048K), 2 survivors (2048K)
 Metaspace       used 18929K, committed 19200K, reserved 1073152K
  class space    used 2041K, committed 2176K, reserved 1048576K
}
Event: 10.649 GC heap before
{Heap before GC invocations=3 (full 0):
 garbage-first heap   total 63488K, used 18799K [0x00000000c3600000, 0x0000000100000000)
  region size 1024K, 13 young (13312K), 2 survivors (2048K)
 Metaspace       used 21180K, committed 21504K, reserved 1073152K
  class space    used 2377K, committed 2560K, reserved 1048576K
}
Event: 10.653 GC heap after
{Heap after GC invocations=4 (full 0):
 garbage-first heap   total 63488K, used 8978K [0x00000000c3600000, 0x0000000100000000)
  region size 1024K, 3 young (3072K), 3 survivors (3072K)
 Metaspace       used 21180K, committed 21504K, reserved 1073152K
  class space    used 2377K, committed 2560K, reserved 1048576K
}
Event: 11.487 GC heap before
{Heap before GC invocations=5 (full 0):
 garbage-first heap   total 37888K, used 28434K [0x00000000c3600000, 0x0000000100000000)
  region size 1024K, 22 young (22528K), 3 survivors (3072K)
 Metaspace       used 27857K, committed 28160K, reserved 1081344K
  class space    used 3130K, committed 3264K, reserved 1048576K
}
Event: 11.496 GC heap after
{Heap after GC invocations=6 (full 0):
 garbage-first heap   total 37888K, used 12213K [0x00000000c3600000, 0x0000000100000000)
  region size 1024K, 3 young (3072K), 3 survivors (3072K)
 Metaspace       used 27857K, committed 28160K, reserved 1081344K
  class space    used 3130K, committed 3264K, reserved 1048576K
}
Event: 12.076 GC heap before
{Heap before GC invocations=6 (full 0):
 garbage-first heap   total 37888K, used 24501K [0x00000000c3600000, 0x0000000100000000)
  region size 1024K, 15 young (15360K), 3 survivors (3072K)
 Metaspace       used 31933K, committed 32256K, reserved 1081344K
  class space    used 3634K, committed 3776K, reserved 1048576K
}
Event: 12.081 GC heap after
{Heap after GC invocations=7 (full 0):
 garbage-first heap   total 37888K, used 13782K [0x00000000c3600000, 0x0000000100000000)
  region size 1024K, 2 young (2048K), 2 survivors (2048K)
 Metaspace       used 31933K, committed 32256K, reserved 1081344K
  class space    used 3634K, committed 3776K, reserved 1048576K
}
Event: 12.450 GC heap before
{Heap before GC invocations=7 (full 0):
 garbage-first heap   total 37888K, used 22998K [0x00000000c3600000, 0x0000000100000000)
  region size 1024K, 12 young (12288K), 2 survivors (2048K)
 Metaspace       used 34393K, committed 34688K, reserved 1081344K
  class space    used 3963K, committed 4096K, reserved 1048576K
}
Event: 12.452 GC heap after
{Heap after GC invocations=8 (full 0):
 garbage-first heap   total 37888K, used 14558K [0x00000000c3600000, 0x0000000100000000)
  region size 1024K, 1 young (1024K), 1 survivors (1024K)
 Metaspace       used 34393K, committed 34688K, reserved 1081344K
  class space    used 3963K, committed 4096K, reserved 1048576K
}

Dll operation events (9 events):
Event: 0.127 Loaded shared library C:\Users\shant\Downloads\eclipse-jee-2023-03-R-win32-x86_64\eclipse\plugins\org.eclipse.justj.openjdk.hotspot.jre.full.win32.x86_64_17.0.6.v20230204-1729\jre\bin\java.dll
Event: 0.937 Loaded shared library C:\Users\shant\Downloads\eclipse-jee-2023-03-R-win32-x86_64\eclipse\plugins\org.eclipse.justj.openjdk.hotspot.jre.full.win32.x86_64_17.0.6.v20230204-1729\jre\bin\net.dll
Event: 0.946 Loaded shared library C:\Users\shant\Downloads\eclipse-jee-2023-03-R-win32-x86_64\eclipse\plugins\org.eclipse.justj.openjdk.hotspot.jre.full.win32.x86_64_17.0.6.v20230204-1729\jre\bin\nio.dll
Event: 1.066 Loaded shared library C:\Users\shant\Downloads\eclipse-jee-2023-03-R-win32-x86_64\eclipse\plugins\org.eclipse.justj.openjdk.hotspot.jre.full.win32.x86_64_17.0.6.v20230204-1729\jre\bin\zip.dll
Event: 1.926 Loaded shared library C:\Users\shant\Downloads\eclipse-jee-2023-03-R-win32-x86_64\eclipse\plugins\org.eclipse.justj.openjdk.hotspot.jre.full.win32.x86_64_17.0.6.v20230204-1729\jre\bin\jimage.dll
Event: 2.065 Loaded shared library C:\Users\shant\Downloads\eclipse-jee-2023-03-R-win32-x86_64\eclipse\plugins\org.eclipse.justj.openjdk.hotspot.jre.full.win32.x86_64_17.0.6.v20230204-1729\jre\bin\verify.dll
Event: 10.569 Loaded shared library C:\Users\shant\Downloads\eclipse-jee-2023-03-R-win32-x86_64\eclipse\plugins\org.eclipse.justj.openjdk.hotspot.jre.full.win32.x86_64_17.0.6.v20230204-1729\jre\bin\management.dll
Event: 10.584 Loaded shared library C:\Users\shant\Downloads\eclipse-jee-2023-03-R-win32-x86_64\eclipse\plugins\org.eclipse.justj.openjdk.hotspot.jre.full.win32.x86_64_17.0.6.v20230204-1729\jre\bin\management_ext.dll
Event: 11.295 Loaded shared library C:\Users\shant\Downloads\eclipse-jee-2023-03-R-win32-x86_64\eclipse\plugins\org.eclipse.justj.openjdk.hotspot.jre.full.win32.x86_64_17.0.6.v20230204-1729\jre\bin\sunmscapi.dll

Deoptimization events (20 events):
Event: 11.473 Thread 0x00000269bd8c91b0 DEOPT PACKING pc=0x00000269c13f4bbe sp=0x000000dfbb1fb8c0
Event: 11.473 Thread 0x00000269bd8c91b0 DEOPT UNPACKING pc=0x00000269c84face3 sp=0x000000dfbb1fad40 mode 0
Event: 11.473 Thread 0x00000269bd8c91b0 DEOPT PACKING pc=0x00000269c13f4bbe sp=0x000000dfbb1fb8e0
Event: 11.473 Thread 0x00000269bd8c91b0 DEOPT UNPACKING pc=0x00000269c84face3 sp=0x000000dfbb1fad60 mode 0
Event: 11.475 Thread 0x00000269bd8c91b0 DEOPT PACKING pc=0x00000269c13f4bbe sp=0x000000dfbb1fb8e0
Event: 11.475 Thread 0x00000269bd8c91b0 DEOPT UNPACKING pc=0x00000269c84face3 sp=0x000000dfbb1fad60 mode 0
Event: 11.477 Thread 0x00000269bd8c91b0 DEOPT PACKING pc=0x00000269c13f4bbe sp=0x000000dfbb1fb8c0
Event: 11.477 Thread 0x00000269bd8c91b0 DEOPT UNPACKING pc=0x00000269c84face3 sp=0x000000dfbb1fad40 mode 0
Event: 11.478 Thread 0x00000269bd8c91b0 DEOPT PACKING pc=0x00000269c13f4bbe sp=0x000000dfbb1fb8e0
Event: 11.478 Thread 0x00000269bd8c91b0 DEOPT UNPACKING pc=0x00000269c84face3 sp=0x000000dfbb1fad60 mode 0
Event: 11.479 Thread 0x00000269bd8c91b0 DEOPT PACKING pc=0x00000269c13f4bbe sp=0x000000dfbb1fb8c0
Event: 11.479 Thread 0x00000269bd8c91b0 DEOPT UNPACKING pc=0x00000269c84face3 sp=0x000000dfbb1fad40 mode 0
Event: 11.544 Thread 0x00000269bd8c91b0 Uncommon trap: trap_request=0xffffff45 fr.pc=0x00000269c8b0a368 relative=0x00000000000001c8
Event: 11.544 Thread 0x00000269bd8c91b0 Uncommon trap: reason=unstable_if action=reinterpret pc=0x00000269c8b0a368 method=java.util.HashMap.putVal(ILjava/lang/Object;Ljava/lang/Object;ZZ)Ljava/lang/Object; @ 162 c2
Event: 11.544 Thread 0x00000269bd8c91b0 DEOPT PACKING pc=0x00000269c8b0a368 sp=0x000000dfbb1f8ba0
Event: 11.544 Thread 0x00000269bd8c91b0 DEOPT UNPACKING pc=0x00000269c84fa1a3 sp=0x000000dfbb1f8b30 mode 2
Event: 12.350 Thread 0x00000269d693cdc0 Uncommon trap: trap_request=0xffffff45 fr.pc=0x00000269c8a98448 relative=0x0000000000000048
Event: 12.350 Thread 0x00000269d693cdc0 Uncommon trap: reason=unstable_if action=reinterpret pc=0x00000269c8a98448 method=java.lang.CharacterData.of(I)Ljava/lang/CharacterData; @ 4 c2
Event: 12.350 Thread 0x00000269d693cdc0 DEOPT PACKING pc=0x00000269c8a98448 sp=0x000000dfbd2fd850
Event: 12.350 Thread 0x00000269d693cdc0 DEOPT UNPACKING pc=0x00000269c84fa1a3 sp=0x000000dfbd2fd7f0 mode 2

Classes unloaded (0 events):
No events

Classes redefined (0 events):
No events

Internal exceptions (20 events):
Event: 11.921 Thread 0x00000269d693bf50 Exception <a 'java/net/SocketException'{0x00000000c51ca880}: Socket is not connected: shutdown> (0x00000000c51ca880) 
thrown [s\src\hotspot\share\prims\jni.cpp, line 535]
Event: 11.944 Thread 0x00000269d693bf50 Exception <a 'java/net/ConnectException'{0x00000000c51cb340}: Connection refused: no further information> (0x00000000c51cb340) 
thrown [s\src\hotspot\share\prims\jni.cpp, line 535]
Event: 11.944 Thread 0x00000269d693bf50 Exception <a 'java/net/SocketException'{0x00000000c51cb678}: Socket is not connected: shutdown> (0x00000000c51cb678) 
thrown [s\src\hotspot\share\prims\jni.cpp, line 535]
Event: 11.944 Thread 0x00000269d693bf50 Exception <a 'java/net/ConnectException'{0x00000000c51cbed8}: Connection refused: no further information> (0x00000000c51cbed8) 
thrown [s\src\hotspot\share\prims\jni.cpp, line 535]
Event: 11.945 Thread 0x00000269d693bf50 Exception <a 'java/net/SocketException'{0x00000000c51cc210}: Socket is not connected: shutdown> (0x00000000c51cc210) 
thrown [s\src\hotspot\share\prims\jni.cpp, line 535]
Event: 11.960 Thread 0x00000269d693bf50 Exception <a 'java/net/ConnectException'{0x00000000c51cca70}: Connection refused: no further information> (0x00000000c51cca70) 
thrown [s\src\hotspot\share\prims\jni.cpp, line 535]
Event: 11.960 Thread 0x00000269d693bf50 Exception <a 'java/net/SocketException'{0x00000000c51ccda8}: Socket is not connected: shutdown> (0x00000000c51ccda8) 
thrown [s\src\hotspot\share\prims\jni.cpp, line 535]
Event: 11.960 Thread 0x00000269d693bf50 Exception <a 'java/net/ConnectException'{0x00000000c51cd608}: Connection refused: no further information> (0x00000000c51cd608) 
thrown [s\src\hotspot\share\prims\jni.cpp, line 535]
Event: 11.960 Thread 0x00000269d693bf50 Exception <a 'java/net/SocketException'{0x00000000c51cd940}: Socket is not connected: shutdown> (0x00000000c51cd940) 
thrown [s\src\hotspot\share\prims\jni.cpp, line 535]
Event: 11.961 Thread 0x00000269d693bf50 Exception <a 'java/net/ConnectException'{0x00000000c51ce1a0}: Connection refused: no further information> (0x00000000c51ce1a0) 
thrown [s\src\hotspot\share\prims\jni.cpp, line 535]
Event: 11.961 Thread 0x00000269d693bf50 Exception <a 'java/net/SocketException'{0x00000000c51ce4d8}: Socket is not connected: shutdown> (0x00000000c51ce4d8) 
thrown [s\src\hotspot\share\prims\jni.cpp, line 535]
Event: 11.961 Thread 0x00000269d693bf50 Exception <a 'java/net/ConnectException'{0x00000000c51ced38}: Connection refused: no further information> (0x00000000c51ced38) 
thrown [s\src\hotspot\share\prims\jni.cpp, line 535]
Event: 11.961 Thread 0x00000269d693bf50 Exception <a 'java/net/SocketException'{0x00000000c51cf070}: Socket is not connected: shutdown> (0x00000000c51cf070) 
thrown [s\src\hotspot\share\prims\jni.cpp, line 535]
Event: 11.975 Thread 0x00000269d693bf50 Exception <a 'java/net/ConnectException'{0x00000000c51cf8d0}: Connection refused: no further information> (0x00000000c51cf8d0) 
thrown [s\src\hotspot\share\prims\jni.cpp, line 535]
Event: 11.975 Thread 0x00000269d693bf50 Exception <a 'java/net/SocketException'{0x00000000c51cfc08}: Socket is not connected: shutdown> (0x00000000c51cfc08) 
thrown [s\src\hotspot\share\prims\jni.cpp, line 535]
Event: 12.013 Thread 0x00000269bd8c91b0 Exception <a 'java/lang/NoSuchMethodError'{0x00000000c50d5bb0}: 'java.lang.Object java.lang.invoke.DirectMethodHandle$Holder.newInvokeSpecial(java.lang.Object, java.lang.Object, int, int)'> (0x00000000c50d5bb0) 
thrown [s\src\hotspot\share\interpreter\linkResolver.cpp, line 759]
Event: 12.017 Thread 0x00000269bd8c91b0 Exception <a 'java/lang/NoSuchMethodError'{0x00000000c50e0c58}: 'void java.lang.invoke.DirectMethodHandle$Holder.invokeStatic(java.lang.Object, java.lang.Object, int)'> (0x00000000c50e0c58) 
thrown [s\src\hotspot\share\interpreter\linkResolver.cpp, line 759]
Event: 12.115 Thread 0x00000269bd8c91b0 Exception <a 'java/lang/NoSuchMethodError'{0x00000000c73d7660}: 'int java.lang.invoke.DirectMethodHandle$Holder.invokeSpecialIFC(java.lang.Object, java.lang.Object, java.lang.Object)'> (0x00000000c73d7660) 
thrown [s\src\hotspot\share\interpreter\linkResolver.cpp, line 759]
Event: 12.175 Thread 0x00000269bd8c91b0 Exception <a 'java/lang/NoSuchMethodError'{0x00000000c6790c48}: 'java.lang.Object java.lang.invoke.DirectMethodHandle$Holder.invokeVirtual(java.lang.Object, java.lang.Object, java.lang.Object, java.lang.Object)'> (0x00000000c6790c48) 
thrown [s\src\hotspot\share\interpreter\linkResolver.cpp, line 759]
Event: 12.212 Thread 0x00000269bd8c91b0 Exception <a 'java/lang/NoSuchMethodError'{0x00000000c66bf7b0}: 'void java.lang.invoke.DirectMethodHandle$Holder.invokeSpecial(java.lang.Object, java.lang.Object, java.lang.Object, java.lang.Object, java.lang.Object, java.lang.Object)'> (0x00000000c66bf7b0) 
thrown [s\src\hotspot\share\interpreter\linkResolver.cpp, line 759]

VM Operations (20 events):
Event: 11.092 Executing VM operation: HandshakeAllThreads
Event: 11.092 Executing VM operation: HandshakeAllThreads done
Event: 11.309 Executing VM operation: HandshakeAllThreads
Event: 11.309 Executing VM operation: HandshakeAllThreads done
Event: 11.350 Executing VM operation: HandshakeAllThreads
Event: 11.350 Executing VM operation: HandshakeAllThreads done
Event: 11.486 Executing VM operation: G1CollectForAllocation
Event: 11.498 Executing VM operation: G1CollectForAllocation done
Event: 11.658 Executing VM operation: HandshakeAllThreads
Event: 11.658 Executing VM operation: HandshakeAllThreads done
Event: 12.076 Executing VM operation: G1CollectForAllocation
Event: 12.082 Executing VM operation: G1CollectForAllocation done
Event: 12.351 Executing VM operation: HandshakeAllThreads
Event: 12.351 Executing VM operation: HandshakeAllThreads done
Event: 12.450 Executing VM operation: G1TryInitiateConcMark
Event: 12.452 Executing VM operation: G1TryInitiateConcMark done
Event: 13.458 Executing VM operation: Cleanup
Event: 13.458 Executing VM operation: Cleanup done
Event: 36.720 Executing VM operation: Cleanup
Event: 37.123 Executing VM operation: Cleanup done

Events (20 events):
Event: 12.350 loading class java/lang/CharacterDataUndefined
Event: 12.351 loading class java/lang/CharacterDataUndefined done
Event: 12.405 loading class java/nio/channels/UnsupportedAddressTypeException
Event: 12.405 loading class java/nio/channels/UnsupportedAddressTypeException done
Event: 12.411 loading class java/nio/channels/spi/AbstractSelector$1
Event: 12.411 loading class java/nio/channels/spi/AbstractSelector$1 done
Event: 12.420 loading class java/io/PushbackInputStream
Event: 12.420 loading class java/io/PushbackInputStream done
Event: 12.444 loading class java/nio/charset/IllegalCharsetNameException
Event: 12.445 loading class java/nio/charset/IllegalCharsetNameException done
Event: 12.445 loading class java/nio/charset/UnsupportedCharsetException
Event: 12.445 loading class java/nio/charset/UnsupportedCharsetException done
Event: 12.454 loading class sun/nio/ch/IOVecWrapper
Event: 12.455 loading class sun/nio/ch/IOVecWrapper done
Event: 12.455 loading class sun/nio/ch/AllocatedNativeObject
Event: 12.455 loading class sun/nio/ch/NativeObject
Event: 12.455 loading class sun/nio/ch/NativeObject done
Event: 12.455 loading class sun/nio/ch/AllocatedNativeObject done
Event: 12.455 loading class sun/nio/ch/IOVecWrapper$Deallocator
Event: 12.455 loading class sun/nio/ch/IOVecWrapper$Deallocator done


Dynamic libraries:
0x00007ff77fbb0000 - 0x00007ff77fbbe000 	C:\Users\shant\Downloads\eclipse-jee-2023-03-R-win32-x86_64\eclipse\plugins\org.eclipse.justj.openjdk.hotspot.jre.full.win32.x86_64_17.0.6.v20230204-1729\jre\bin\javaw.exe
0x00007ff9f03b0000 - 0x00007ff9f05c7000 	C:\WINDOWS\SYSTEM32\ntdll.dll
0x00007ff9eea40000 - 0x00007ff9eeb04000 	C:\WINDOWS\System32\KERNEL32.DLL
0x00007ff9ed8d0000 - 0x00007ff9edc76000 	C:\WINDOWS\System32\KERNELBASE.dll
0x00007ff9edf70000 - 0x00007ff9ee081000 	C:\WINDOWS\System32\ucrtbase.dll
0x00007ff9d9af0000 - 0x00007ff9d9b09000 	C:\Users\shant\Downloads\eclipse-jee-2023-03-R-win32-x86_64\eclipse\plugins\org.eclipse.justj.openjdk.hotspot.jre.full.win32.x86_64_17.0.6.v20230204-1729\jre\bin\VCRUNTIME140.dll
0x00007ff9dc8c0000 - 0x00007ff9dc8d7000 	C:\Users\shant\Downloads\eclipse-jee-2023-03-R-win32-x86_64\eclipse\plugins\org.eclipse.justj.openjdk.hotspot.jre.full.win32.x86_64_17.0.6.v20230204-1729\jre\bin\jli.dll
0x00007ff9ee5f0000 - 0x00007ff9ee79d000 	C:\WINDOWS\System32\USER32.dll
0x00007ff9ed8a0000 - 0x00007ff9ed8c6000 	C:\WINDOWS\System32\win32u.dll
0x00007ff9da810000 - 0x00007ff9daaa3000 	C:\WINDOWS\WinSxS\amd64_microsoft.windows.common-controls_6595b64144ccf1df_6.0.22621.2361_none_2712ced57382f843\COMCTL32.dll
0x00007ff9eea10000 - 0x00007ff9eea39000 	C:\WINDOWS\System32\GDI32.dll
0x00007ff9ee3d0000 - 0x00007ff9ee477000 	C:\WINDOWS\System32\msvcrt.dll
0x00007ff9edc80000 - 0x00007ff9edd98000 	C:\WINDOWS\System32\gdi32full.dll
0x00007ff9ede10000 - 0x00007ff9edeaa000 	C:\WINDOWS\System32\msvcp_win.dll
0x00007ff9ee2e0000 - 0x00007ff9ee311000 	C:\WINDOWS\System32\IMM32.DLL
0x00007ff9e86f0000 - 0x00007ff9e86fc000 	C:\Users\shant\Downloads\eclipse-jee-2023-03-R-win32-x86_64\eclipse\plugins\org.eclipse.justj.openjdk.hotspot.jre.full.win32.x86_64_17.0.6.v20230204-1729\jre\bin\vcruntime140_1.dll
0x00007ff9b4460000 - 0x00007ff9b44f1000 	C:\Users\shant\Downloads\eclipse-jee-2023-03-R-win32-x86_64\eclipse\plugins\org.eclipse.justj.openjdk.hotspot.jre.full.win32.x86_64_17.0.6.v20230204-1729\jre\bin\msvcp140.dll
0x00007ff969180000 - 0x00007ff969dc7000 	C:\Users\shant\Downloads\eclipse-jee-2023-03-R-win32-x86_64\eclipse\plugins\org.eclipse.justj.openjdk.hotspot.jre.full.win32.x86_64_17.0.6.v20230204-1729\jre\bin\server\jvm.dll
0x00007ff9ee960000 - 0x00007ff9eea10000 	C:\WINDOWS\System32\ADVAPI32.dll
0x00007ff9ef4d0000 - 0x00007ff9ef576000 	C:\WINDOWS\System32\sechost.dll
0x00007ff9f0170000 - 0x00007ff9f0287000 	C:\WINDOWS\System32\RPCRT4.dll
0x00007ff9c5f50000 - 0x00007ff9c5f59000 	C:\WINDOWS\SYSTEM32\WSOCK32.dll
0x00007ff9efa40000 - 0x00007ff9efab1000 	C:\WINDOWS\System32\WS2_32.dll
0x00007ff9ca4a0000 - 0x00007ff9ca4d4000 	C:\WINDOWS\SYSTEM32\WINMM.dll
0x00007ff9e4fe0000 - 0x00007ff9e4fea000 	C:\WINDOWS\SYSTEM32\VERSION.dll
0x00007ff9ec6d0000 - 0x00007ff9ec6e8000 	C:\WINDOWS\SYSTEM32\kernel.appcore.dll
0x00007ff99abe0000 - 0x00007ff99abea000 	C:\Users\shant\Downloads\eclipse-jee-2023-03-R-win32-x86_64\eclipse\plugins\org.eclipse.justj.openjdk.hotspot.jre.full.win32.x86_64_17.0.6.v20230204-1729\jre\bin\jimage.dll
0x00007ff9eaf90000 - 0x00007ff9eb1be000 	C:\WINDOWS\SYSTEM32\DBGHELP.DLL
0x00007ff9ef5d0000 - 0x00007ff9ef95a000 	C:\WINDOWS\System32\combase.dll
0x00007ff9f0290000 - 0x00007ff9f0367000 	C:\WINDOWS\System32\OLEAUT32.dll
0x00007ff9d4290000 - 0x00007ff9d42c2000 	C:\WINDOWS\SYSTEM32\dbgcore.DLL
0x00007ff9ee090000 - 0x00007ff9ee10a000 	C:\WINDOWS\System32\bcryptPrimitives.dll
0x00007ff96e6c0000 - 0x00007ff96e6e5000 	C:\Users\shant\Downloads\eclipse-jee-2023-03-R-win32-x86_64\eclipse\plugins\org.eclipse.justj.openjdk.hotspot.jre.full.win32.x86_64_17.0.6.v20230204-1729\jre\bin\java.dll
0x00007ff96e6a0000 - 0x00007ff96e6b8000 	C:\Users\shant\Downloads\eclipse-jee-2023-03-R-win32-x86_64\eclipse\plugins\org.eclipse.justj.openjdk.hotspot.jre.full.win32.x86_64_17.0.6.v20230204-1729\jre\bin\zip.dll
0x00007ff9eeb20000 - 0x00007ff9ef378000 	C:\WINDOWS\System32\SHELL32.dll
0x00007ff9eb640000 - 0x00007ff9ebf32000 	C:\WINDOWS\SYSTEM32\windows.storage.dll
0x00007ff9eb500000 - 0x00007ff9eb63e000 	C:\WINDOWS\SYSTEM32\wintypes.dll
0x00007ff9ee480000 - 0x00007ff9ee573000 	C:\WINDOWS\System32\SHCORE.dll
0x00007ff9ef9d0000 - 0x00007ff9efa2e000 	C:\WINDOWS\System32\shlwapi.dll
0x00007ff9ed660000 - 0x00007ff9ed686000 	C:\WINDOWS\SYSTEM32\profapi.dll
0x00007ff96e680000 - 0x00007ff96e699000 	C:\Users\shant\Downloads\eclipse-jee-2023-03-R-win32-x86_64\eclipse\plugins\org.eclipse.justj.openjdk.hotspot.jre.full.win32.x86_64_17.0.6.v20230204-1729\jre\bin\net.dll
0x00007ff9e4da0000 - 0x00007ff9e4ed7000 	C:\WINDOWS\SYSTEM32\WINHTTP.dll
0x00007ff9ecba0000 - 0x00007ff9ecc09000 	C:\WINDOWS\system32\mswsock.dll
0x00007ff96e660000 - 0x00007ff96e675000 	C:\Users\shant\Downloads\eclipse-jee-2023-03-R-win32-x86_64\eclipse\plugins\org.eclipse.justj.openjdk.hotspot.jre.full.win32.x86_64_17.0.6.v20230204-1729\jre\bin\nio.dll
0x00007ff999fd0000 - 0x00007ff999fe0000 	C:\Users\shant\Downloads\eclipse-jee-2023-03-R-win32-x86_64\eclipse\plugins\org.eclipse.justj.openjdk.hotspot.jre.full.win32.x86_64_17.0.6.v20230204-1729\jre\bin\verify.dll
0x00007ff9ec210000 - 0x00007ff9ec309000 	C:\WINDOWS\SYSTEM32\DNSAPI.dll
0x00007ff9ec1a0000 - 0x00007ff9ec1cd000 	C:\WINDOWS\SYSTEM32\IPHLPAPI.DLL
0x00007ff9ee580000 - 0x00007ff9ee589000 	C:\WINDOWS\System32\NSI.dll
0x00007ff9da1f0000 - 0x00007ff9da1fa000 	C:\Windows\System32\rasadhlp.dll
0x00007ff9e3d00000 - 0x00007ff9e3d84000 	C:\WINDOWS\System32\fwpuclnt.dll
0x00007ff9ecdd0000 - 0x00007ff9ecdeb000 	C:\WINDOWS\SYSTEM32\CRYPTSP.dll
0x00007ff9ec690000 - 0x00007ff9ec6c5000 	C:\WINDOWS\system32\rsaenh.dll
0x00007ff9ecc50000 - 0x00007ff9ecc7c000 	C:\WINDOWS\SYSTEM32\USERENV.dll
0x00007ff9ed000000 - 0x00007ff9ed028000 	C:\WINDOWS\SYSTEM32\bcrypt.dll
0x00007ff9ecdf0000 - 0x00007ff9ecdfc000 	C:\WINDOWS\SYSTEM32\CRYPTBASE.dll
0x00007ff9e44c0000 - 0x00007ff9e44d9000 	C:\WINDOWS\SYSTEM32\dhcpcsvc6.DLL
0x00007ff9e43d0000 - 0x00007ff9e43ef000 	C:\WINDOWS\SYSTEM32\dhcpcsvc.DLL
0x00007ff9ea5d0000 - 0x00007ff9ea667000 	C:\WINDOWS\system32\apphelp.dll
0x00007ff9dcef0000 - 0x00007ff9dcef9000 	C:\Users\shant\Downloads\eclipse-jee-2023-03-R-win32-x86_64\eclipse\plugins\org.eclipse.justj.openjdk.hotspot.jre.full.win32.x86_64_17.0.6.v20230204-1729\jre\bin\management.dll
0x00007ff9dcd30000 - 0x00007ff9dcd3b000 	C:\Users\shant\Downloads\eclipse-jee-2023-03-R-win32-x86_64\eclipse\plugins\org.eclipse.justj.openjdk.hotspot.jre.full.win32.x86_64_17.0.6.v20230204-1729\jre\bin\management_ext.dll
0x00007ff9eeb10000 - 0x00007ff9eeb18000 	C:\WINDOWS\System32\PSAPI.DLL
0x00007ff9e64f0000 - 0x00007ff9e6507000 	C:\WINDOWS\system32\napinsp.dll
0x00007ff9df370000 - 0x00007ff9df38b000 	C:\WINDOWS\system32\pnrpnsp.dll
0x00007ff9de1c0000 - 0x00007ff9de1d1000 	C:\WINDOWS\System32\winrnr.dll
0x00007ff9e4fc0000 - 0x00007ff9e4fd5000 	C:\WINDOWS\system32\wshbth.dll
0x00007ff9c9ec0000 - 0x00007ff9c9ee1000 	C:\WINDOWS\system32\nlansp_c.dll
0x00007ff9d8c30000 - 0x00007ff9d8c3e000 	C:\Users\shant\Downloads\eclipse-jee-2023-03-R-win32-x86_64\eclipse\plugins\org.eclipse.justj.openjdk.hotspot.jre.full.win32.x86_64_17.0.6.v20230204-1729\jre\bin\sunmscapi.dll
0x00007ff9ed730000 - 0x00007ff9ed896000 	C:\WINDOWS\System32\CRYPT32.dll
0x00007ff9ecfd0000 - 0x00007ff9ecffd000 	C:\WINDOWS\SYSTEM32\ncrypt.dll
0x00007ff9ecf90000 - 0x00007ff9ecfc7000 	C:\WINDOWS\SYSTEM32\NTASN1.dll
0x00007ff9dcd00000 - 0x00007ff9dcd08000 	C:\WINDOWS\system32\wshunix.dll

dbghelp: loaded successfully - version: 4.0.5 - missing functions: none
symbol engine: initialized successfully - sym options: 0x614 - pdb path: .;C:\Users\shant\Downloads\eclipse-jee-2023-03-R-win32-x86_64\eclipse\plugins\org.eclipse.justj.openjdk.hotspot.jre.full.win32.x86_64_17.0.6.v20230204-1729\jre\bin;C:\WINDOWS\SYSTEM32;C:\WINDOWS\WinSxS\amd64_microsoft.windows.common-controls_6595b64144ccf1df_6.0.22621.2361_none_2712ced57382f843;C:\Users\shant\Downloads\eclipse-jee-2023-03-R-win32-x86_64\eclipse\plugins\org.eclipse.justj.openjdk.hotspot.jre.full.win32.x86_64_17.0.6.v20230204-1729\jre\bin\server

VM Arguments:
jvm_args: -ea -Dfile.encoding=UTF-8 -XX:+ShowCodeDetailsInExceptionMessages 
java_command: org.testng.remote.RemoteTestNG -serport 50919 -protocol json -d C:\Users\shant\eclipse-workspace\SeleniumAutomationFramework\test-output C:\Users\shant\eclipse-workspace\SeleniumAutomationFramework\testng.xml
java_class_path (initial): C:\Users\shant\Downloads\eclipse-jee-2023-03-R-win32-x86_64\eclipse\configuration\org.eclipse.osgi\929\0\.cp\lib\testng-remote.jar;C:\Users\shant\eclipse-workspace\SeleniumAutomationFramework\target\test-classes;C:\Users\shant\eclipse-workspace\SeleniumAutomationFramework\target\classes;C:\Users\shant\.m2\repository\org\seleniumhq\selenium\selenium-java\4.13.0\selenium-java-4.13.0.jar;C:\Users\shant\.m2\repository\org\seleniumhq\selenium\selenium-api\4.13.0\selenium-api-4.13.0.jar;C:\Users\shant\.m2\repository\org\seleniumhq\selenium\selenium-chrome-driver\4.13.0\selenium-chrome-driver-4.13.0.jar;C:\Users\shant\.m2\repository\com\google\auto\service\auto-service-annotations\1.1.1\auto-service-annotations-1.1.1.jar;C:\Users\shant\.m2\repository\com\google\guava\guava\32.1.2-jre\guava-32.1.2-jre.jar;C:\Users\shant\.m2\repository\com\google\guava\failureaccess\1.0.1\failureaccess-1.0.1.jar;C:\Users\shant\.m2\repository\com\google\guava\listenablefuture\9999.0-empty-to-avoid-conflict-with-guava\listenablefuture-9999.0-empty-to-avoid-conflict-with-guava.jar;C:\Users\shant\.m2\repository\com\google\code\findbugs\jsr305\3.0.2\jsr305-3.0.2.jar;C:\Users\shant\.m2\repository\org\checkerframework\checker-qual\3.33.0\checker-qual-3.33.0.jar;C:\Users\shant\.m2\repository\com\google\errorprone\error_prone_annotations\2.18.0\error_prone_annotations-2.18.0.jar;C:\Users\shant\.m2\repository\com\google\j2objc\j2objc-annotations\2.8\j2objc-annotations-2.8.jar;C:\Users\shant\.m2\repository\org\seleniumhq\selenium\selenium-chromium-driver\4.13.0\selenium-chromium-driver-4.13.0.jar;C:\Users\shant\.m2\repository\org\seleniumhq\selenium\selenium-json\4.13.0\selenium-json-4.13.0.jar;C:\Users\shant\.m2\repository\org\seleniumhq\selenium\selenium-manager\4.13.0\selenium-manager-4.13.0.jar;C:\Users\shant\.m2\repository\org\seleniumhq\selenium\selenium-devtools-v115\4.13.0\selenium-devtools-v115-4.13.0.jar;C:\Users\shant\.m2\repository\org\seleniumhq\selenium\seleni
Launcher Type: SUN_STANDARD

[Global flags]
     intx CICompilerCount                          = 3                                         {product} {ergonomic}
     uint ConcGCThreads                            = 1                                         {product} {ergonomic}
     uint G1ConcRefinementThreads                  = 4                                         {product} {ergonomic}
   size_t G1HeapRegionSize                         = 1048576                                   {product} {ergonomic}
    uintx GCDrainStackTargetSize                   = 64                                        {product} {ergonomic}
   size_t InitialHeapSize                          = 65011712                                  {product} {ergonomic}
   size_t MarkStackSize                            = 4194304                                   {product} {ergonomic}
   size_t MaxHeapSize                              = 1017118720                                {product} {ergonomic}
   size_t MaxNewSize                               = 610271232                                 {product} {ergonomic}
   size_t MinHeapDeltaBytes                        = 1048576                                   {product} {ergonomic}
   size_t MinHeapSize                              = 8388608                                   {product} {ergonomic}
    uintx NonNMethodCodeHeapSize                   = 5832780                                {pd product} {ergonomic}
    uintx NonProfiledCodeHeapSize                  = 122912730                              {pd product} {ergonomic}
    uintx ProfiledCodeHeapSize                     = 122912730                              {pd product} {ergonomic}
    uintx ReservedCodeCacheSize                    = 251658240                              {pd product} {ergonomic}
     bool SegmentedCodeCache                       = true                                      {product} {ergonomic}
     bool ShowCodeDetailsInExceptionMessages       = true                                   {manageable} {command line}
   size_t SoftMaxHeapSize                          = 1017118720                             {manageable} {ergonomic}
     bool UseCompressedClassPointers               = true                           {product lp64_product} {ergonomic}
     bool UseCompressedOops                        = true                           {product lp64_product} {ergonomic}
     bool UseG1GC                                  = true                                      {product} {ergonomic}
     bool UseLargePagesIndividualAllocation        = false                                  {pd product} {ergonomic}

Logging:
Log output configuration:
 #0: stdout all=warning uptime,level,tags
 #1: stderr all=off uptime,level,tags

Environment Variables:
JAVA_HOME=C:\Program Files\Java\jdk-17
PATH=C:/Users/shant/Downloads/eclipse-jee-2023-03-R-win32-x86_64/eclipse//plugins/org.eclipse.justj.openjdk.hotspot.jre.full.win32.x86_64_17.0.6.v20230204-1729/jre/bin/server;C:/Users/shant/Downloads/eclipse-jee-2023-03-R-win32-x86_64/eclipse//plugins/org.eclipse.justj.openjdk.hotspot.jre.full.win32.x86_64_17.0.6.v20230204-1729/jre/bin;C:\Program Files\Common Files\Oracle\Java\javapath;C:\WINDOWS\system32;C:\WINDOWS;C:\WINDOWS\System32\Wbem;C:\WINDOWS\System32\WindowsPowerShell\v1.0\;C:\WINDOWS\System32\OpenSSH\;"C:\Program Files\Java\jdk-17;C:\Java_Library\apache-maven-3.9.4\bin";C:\Program Files\Git\cmd;C:\Java_Library\apache-maven-3.9.4\bin;C:\Users\shant\Downloads\eclipse-jee-2023-03-R-win32-x86_64\eclipse;
USERNAME=shant
OS=Windows_NT
PROCESSOR_IDENTIFIER=Intel64 Family 6 Model 126 Stepping 5, GenuineIntel
TMP=C:\Users\shant\AppData\Local\Temp
TEMP=C:\Users\shant\AppData\Local\Temp



---------------  S Y S T E M  ---------------

OS:
 Windows 11 , 64 bit Build 22621 (10.0.22621.2428)
OS uptime: 7 days 9:36 hours
Hyper-V role detected

CPU: total 4 (initial active 4) (2 cores per cpu, 2 threads per core) family 6 model 126 stepping 5 microcode 0x86, cx8, cmov, fxsr, ht, mmx, 3dnowpref, sse, sse2, sse3, ssse3, sse4.1, sse4.2, popcnt, lzcnt, tsc, tscinvbit, avx, avx2, aes, erms, clmul, bmi1, bmi2, adx, avx512f, avx512dq, avx512cd, avx512bw, avx512vl, sha, fma, vzeroupper, avx512_vpopcntdq, avx512_vpclmulqdq, avx512_vaes, avx512_vnni, clflush, clflushopt, avx512_vbmi2, avx512_vbmi, hv

Memory: 4k page, system-wide physical 3873M (670M free)
TotalPageFile size 15649M (AvailPageFile size 9M)
current process WorkingSet (physical memory assigned to process): 48M, peak: 131M
current process commit charge ("private bytes"): 160M, peak: 166M

vm_info: OpenJDK 64-Bit Server VM (17.0.6+10) for windows-amd64 JRE (17.0.6+10), built on Jan 18 2023 10:08:59 by "temurin" with MS VC++ 16.7 (VS2019)

END.
